2026-05-11 13:02:01,680 [INFO] 开始加载 CourseQA 索引
2026-05-11 13:02:01,681 [INFO] 成功读取 Markdown 文档数量：4
2026-05-11 13:02:01,681 [INFO] 成功切分文本块数量：15
2026-05-11 13:02:01,684 [INFO] TF-IDF 索引构建完成
2026-05-11 13:02:01,684 [INFO] CourseQA 索引加载成功
2026-05-11 13:02:01,684 [INFO] CourseQA 服务启动成功
2026-05-11 13:02:34,772 [INFO] 收到用户查询：string
2026-05-11 13:02:34,777 [INFO] TF-IDF 查询完成，返回 5 条结果
2026-05-11 13:02:34,777 [INFO] 查询完成，返回 5 条结果
2026-05-11 13:02:34,777 [INFO] 成功读取 JSON 文件：e:\courseqa\data\history.json
2026-05-11 13:02:34,777 [INFO] 成功写入 JSON 文件：e:\courseqa\data\history.json
2026-05-11 13:02:34,777 [INFO] 历史记录已成功保存到 history.json
2026-05-11 13:02:40,654 [INFO] 收到用户查询：python
2026-05-11 13:02:40,662 [INFO] TF-IDF 查询完成，返回 5 条结果
2026-05-11 13:02:40,662 [INFO] 查询完成，返回 5 条结果
2026-05-11 13:02:40,662 [INFO] 成功读取 JSON 文件：e:\courseqa\data\history.json
2026-05-11 13:02:40,662 [INFO] 成功写入 JSON 文件：e:\courseqa\data\history.json
2026-05-11 13:02:40,662 [INFO] 历史记录已成功保存到 history.json
2026-05-11 13:03:37,668 [INFO] 成功读取 JSON 文件：e:\courseqa\data\history.json
2026-05-11 13:03:37,668 [INFO] 获取全部历史记录，共 2 条
2026-05-11 13:20:09,422 [INFO] 开始加载 CourseQA 索引
2026-05-11 13:20:09,422 [INFO] 成功读取 Markdown 文档数量：4
2026-05-11 13:20:09,422 [INFO] 成功切分文本块数量：15
2026-05-11 13:20:09,422 [INFO] TF-IDF 索引构建完成
2026-05-11 13:20:09,422 [INFO] CourseQA 索引加载成功
2026-05-11 13:20:09,422 [INFO] CourseQA 服务启动成功
2026-05-11 13:21:53,186 [INFO] 开始加载 CourseQA 索引
2026-05-11 13:21:53,187 [INFO] 成功读取 Markdown 文档数量：4
2026-05-11 13:21:53,187 [INFO] 成功切分文本块数量：15
2026-05-11 13:21:53,189 [INFO] TF-IDF 索引构建完成
2026-05-11 13:21:53,189 [INFO] CourseQA 索引加载成功
2026-05-11 13:21:53,189 [INFO] CourseQA 服务启动成功
2026-05-11 13:22:01,872 [INFO] 开始加载 CourseQA 索引
2026-05-11 13:22:01,872 [INFO] 成功读取 Markdown 文档数量：4
2026-05-11 13:22:01,874 [INFO] 成功切分文本块数量：15
2026-05-11 13:22:01,876 [INFO] TF-IDF 索引构建完成
2026-05-11 13:22:01,876 [INFO] CourseQA 索引加载成功
2026-05-11 13:22:01,876 [INFO] CourseQA 服务启动成功
2026-05-11 13:22:04,033 [INFO] 开始加载 CourseQA 索引
2026-05-11 13:22:04,034 [INFO] 成功读取 Markdown 文档数量：4
2026-05-11 13:22:04,034 [INFO] 成功切分文本块数量：15
2026-05-11 13:22:04,036 [INFO] TF-IDF 索引构建完成
2026-05-11 13:22:04,036 [INFO] CourseQA 索引加载成功
2026-05-11 13:22:04,036 [INFO] CourseQA 服务启动成功
2026-05-11 13:22:10,455 [INFO] 开始加载 CourseQA 索引
2026-05-11 13:22:10,456 [INFO] 成功读取 Markdown 文档数量：4
2026-05-11 13:22:10,457 [INFO] 成功切分文本块数量：15
2026-05-11 13:22:10,458 [INFO] TF-IDF 索引构建完成
2026-05-11 13:22:10,458 [INFO] CourseQA 索引加载成功
2026-05-11 13:22:10,458 [INFO] CourseQA 服务启动成功
2026-05-11 13:22:19,730 [INFO] 开始加载 CourseQA 索引
2026-05-11 13:22:19,732 [INFO] 成功读取 Markdown 文档数量：4
2026-05-11 13:22:19,732 [INFO] 成功切分文本块数量：15
2026-05-11 13:22:19,735 [INFO] TF-IDF 索引构建完成
2026-05-11 13:22:19,735 [INFO] CourseQA 索引加载成功
2026-05-11 13:22:19,735 [INFO] CourseQA 服务启动成功
2026-05-11 13:22:27,250 [INFO] 开始加载 CourseQA 索引
2026-05-11 13:22:27,251 [INFO] 成功读取 Markdown 文档数量：4
2026-05-11 13:22:27,251 [INFO] 成功切分文本块数量：15
2026-05-11 13:22:27,253 [INFO] TF-IDF 索引构建完成
2026-05-11 13:22:27,254 [INFO] CourseQA 索引加载成功
2026-05-11 13:22:27,254 [INFO] CourseQA 服务启动成功
2026-05-11 13:22:29,653 [INFO] 开始加载 CourseQA 索引
2026-05-11 13:22:29,653 [INFO] 成功读取 Markdown 文档数量：4
2026-05-11 13:22:29,653 [INFO] 成功切分文本块数量：15
2026-05-11 13:22:29,663 [INFO] TF-IDF 索引构建完成
2026-05-11 13:22:29,663 [INFO] CourseQA 索引加载成功
2026-05-11 13:22:29,663 [INFO] CourseQA 服务启动成功
2026-05-11 13:23:39,903 [INFO] 开始加载 CourseQA 索引
2026-05-11 13:23:39,903 [INFO] 成功读取 Markdown 文档数量：4
2026-05-11 13:23:39,905 [INFO] 成功切分文本块数量：15
2026-05-11 13:23:39,905 [INFO] TF-IDF 索引构建完成
2026-05-11 13:23:39,905 [INFO] CourseQA 索引加载成功
2026-05-11 13:23:39,905 [INFO] CourseQA 服务启动成功
2026-05-11 13:23:46,333 [INFO] 开始加载 CourseQA 索引
2026-05-11 13:23:46,333 [INFO] 成功读取 Markdown 文档数量：4
2026-05-11 13:23:46,333 [INFO] 成功切分文本块数量：15
2026-05-11 13:23:46,333 [INFO] TF-IDF 索引构建完成
2026-05-11 13:23:46,333 [INFO] CourseQA 索引加载成功
2026-05-11 13:23:46,333 [INFO] CourseQA 服务启动成功
2026-05-11 13:23:52,213 [INFO] 开始加载 CourseQA 索引
2026-05-11 13:23:52,213 [INFO] 成功读取 Markdown 文档数量：4
2026-05-11 13:23:52,213 [INFO] 成功切分文本块数量：15
2026-05-11 13:23:52,213 [INFO] TF-IDF 索引构建完成
2026-05-11 13:23:52,213 [INFO] CourseQA 索引加载成功
2026-05-11 13:23:52,213 [INFO] CourseQA 服务启动成功
2026-05-11 13:24:15,423 [INFO] 开始加载 CourseQA 索引
2026-05-11 13:24:15,423 [INFO] 成功读取 Markdown 文档数量：4
2026-05-11 13:24:15,423 [INFO] 成功切分文本块数量：15
2026-05-11 13:24:15,423 [INFO] TF-IDF 索引构建完成
2026-05-11 13:24:15,423 [INFO] CourseQA 索引加载成功
2026-05-11 13:24:15,423 [INFO] CourseQA 服务启动成功
2026-05-11 13:27:45,956 [INFO] 开始加载 CourseQA 索引
2026-05-11 13:27:45,958 [INFO] 成功读取 Markdown 文档数量：4
2026-05-11 13:27:45,958 [INFO] 成功切分文本块数量：15
2026-05-11 13:27:45,960 [INFO] TF-IDF 索引构建完成
2026-05-11 13:27:45,960 [INFO] CourseQA 索引加载成功
2026-05-11 13:27:45,960 [INFO] CourseQA 服务启动成功
2026-05-11 13:31:37,403 [INFO] 开始加载 CourseQA 索引
2026-05-11 13:31:37,403 [INFO] 成功读取 Markdown 文档数量：4
2026-05-11 13:31:37,403 [INFO] 成功切分文本块数量：15
2026-05-11 13:31:37,403 [INFO] TF-IDF 索引构建完成
2026-05-11 13:31:37,403 [INFO] CourseQA 索引加载成功
2026-05-11 13:31:37,403 [INFO] CourseQA 服务启动成功
2026-05-11 13:31:49,183 [INFO] 开始加载 CourseQA 索引
2026-05-11 13:31:49,183 [INFO] 成功读取 Markdown 文档数量：4
2026-05-11 13:31:49,184 [INFO] 成功切分文本块数量：15
2026-05-11 13:31:49,185 [INFO] TF-IDF 索引构建完成
2026-05-11 13:31:49,186 [INFO] CourseQA 索引加载成功
2026-05-11 13:31:49,186 [INFO] CourseQA 服务启动成功
2026-05-11 13:31:55,825 [INFO] 开始加载 CourseQA 索引
2026-05-11 13:31:55,826 [INFO] 成功读取 Markdown 文档数量：4
2026-05-11 13:31:55,826 [INFO] 成功切分文本块数量：15
2026-05-11 13:31:55,828 [INFO] TF-IDF 索引构建完成
2026-05-11 13:31:55,828 [INFO] CourseQA 索引加载成功
2026-05-11 13:31:55,828 [INFO] CourseQA 服务启动成功
2026-05-11 13:32:15,455 [INFO] 开始加载 CourseQA 索引
2026-05-11 13:32:15,455 [INFO] 成功读取 Markdown 文档数量：4
2026-05-11 13:32:15,456 [INFO] 成功切分文本块数量：15
2026-05-11 13:32:15,457 [INFO] TF-IDF 索引构建完成
2026-05-11 13:32:15,458 [INFO] CourseQA 索引加载成功
2026-05-11 13:32:15,458 [INFO] CourseQA 服务启动成功
2026-05-11 13:32:52,384 [INFO] 收到用户查询：Python
2026-05-11 13:32:52,386 [INFO] TF-IDF 查询完成，返回 3 条结果
2026-05-11 13:32:52,387 [INFO] 查询完成，返回 3 条结果
2026-05-11 13:32:52,387 [INFO] 成功读取 JSON 文件：e:\courseqa\data\history.json
2026-05-11 13:32:52,388 [INFO] 成功写入 JSON 文件：e:\courseqa\data\history.json
2026-05-11 13:32:52,389 [INFO] 历史记录已成功保存到 history.json
2026-05-11 13:40:50,113 [INFO] 开始加载 CourseQA 索引
2026-05-11 13:40:50,123 [INFO] 成功读取 Markdown 文档数量：4
2026-05-11 13:40:50,123 [INFO] 成功切分文本块数量：15
2026-05-11 13:40:50,123 [INFO] TF-IDF 索引构建完成
2026-05-11 13:40:50,123 [INFO] CourseQA 索引加载成功
2026-05-11 13:40:50,123 [INFO] CourseQA 服务启动成功
2026-05-11 15:57:15,646 [INFO] 开始加载 CourseQA 索引
2026-05-11 15:57:15,648 [INFO] 成功读取 Markdown 文档数量：4
2026-05-11 15:57:15,648 [INFO] 成功切分文本块数量：15
2026-05-11 15:57:15,650 [INFO] TF-IDF 索引构建完成
2026-05-11 15:57:15,650 [INFO] CourseQA 索引加载成功
2026-05-11 15:57:15,650 [INFO] CourseQA 服务启动成功
2026-05-11 15:57:35,585 [INFO] 收到用户查询：string
2026-05-11 15:57:35,585 [INFO] TF-IDF 查询完成，返回 5 条结果
2026-05-11 15:57:35,585 [INFO] 查询完成，返回 5 条结果
2026-05-11 15:57:35,585 [INFO] 成功读取 JSON 文件：e:\courseqa\data\history.json
2026-05-11 15:57:35,585 [INFO] 成功写入 JSON 文件：e:\courseqa\data\history.json
2026-05-11 15:57:35,585 [INFO] 历史记录已成功保存到 history.json
2026-05-11 15:57:44,623 [INFO] 收到用户查询：python
2026-05-11 15:57:44,625 [INFO] TF-IDF 查询完成，返回 5 条结果
2026-05-11 15:57:44,625 [INFO] 查询完成，返回 5 条结果
2026-05-11 15:57:44,625 [INFO] 成功读取 JSON 文件：e:\courseqa\data\history.json
2026-05-11 15:57:44,625 [INFO] 成功写入 JSON 文件：e:\courseqa\data\history.json
2026-05-11 15:57:44,630 [INFO] 历史记录已成功保存到 history.json
2026-05-11 15:59:11,313 [INFO] 开始加载 CourseQA 索引
2026-05-11 15:59:11,315 [INFO] 成功读取 Markdown 文档数量：4
2026-05-11 15:59:11,315 [INFO] 成功切分文本块数量：15
2026-05-11 15:59:11,317 [INFO] TF-IDF 索引构建完成
2026-05-11 15:59:11,317 [INFO] CourseQA 索引加载成功
2026-05-11 15:59:11,318 [INFO] CourseQA 服务启动成功
2026-05-11 21:53:53,614 [INFO] 开始加载 CourseQA 索引
2026-05-11 21:53:53,614 [INFO] 成功读取 Markdown 文档数量：4
2026-05-11 21:53:53,614 [INFO] 成功切分文本块数量：15
2026-05-11 21:53:53,631 [INFO] TF-IDF 索引构建完成
2026-05-11 21:53:53,631 [INFO] CourseQA 索引加载成功
2026-05-11 21:53:53,631 [INFO] CourseQA 服务启动成功
2026-05-11 22:00:42,670 [INFO] 开始加载 CourseQA 索引
2026-05-11 22:00:42,670 [INFO] 成功读取 Markdown 文档数量：4
2026-05-11 22:00:42,670 [INFO] 成功切分文本块数量：15
2026-05-11 22:00:42,670 [INFO] TF-IDF 索引构建完成
2026-05-11 22:00:42,670 [INFO] CourseQA 索引加载成功
2026-05-11 22:00:42,670 [INFO] CourseQA 服务启动成功
2026-05-11 22:00:53,856 [INFO] 收到用户查询：string
2026-05-11 22:00:53,862 [INFO] TF-IDF 查询完成，返回 5 条结果
2026-05-11 22:00:53,862 [INFO] 查询完成，返回 5 条结果
2026-05-11 22:00:53,864 [ERROR] JSON 解析失败：e:\courseqa\data\history.json，错误：Expecting value: line 1 column 1 (char 0)
2026-05-11 22:00:53,864 [INFO] 成功写入 JSON 文件：e:\courseqa\data\history.json
2026-05-11 22:00:53,864 [INFO] 历史记录已成功保存到 history.json
2026-05-11 22:00:59,053 [INFO] 收到用户查询：python
2026-05-11 22:00:59,063 [INFO] TF-IDF 查询完成，返回 5 条结果
2026-05-11 22:00:59,065 [INFO] 查询完成，返回 5 条结果
2026-05-11 22:00:59,065 [INFO] 成功读取 JSON 文件：e:\courseqa\data\history.json
2026-05-11 22:00:59,071 [INFO] 成功写入 JSON 文件：e:\courseqa\data\history.json
2026-05-11 22:00:59,071 [INFO] 历史记录已成功保存到 history.json
2026-05-11 22:01:06,694 [INFO] 收到用户查询：Fast
2026-05-11 22:01:06,702 [INFO] TF-IDF 查询完成，返回 5 条结果
2026-05-11 22:01:06,702 [INFO] 查询完成，返回 5 条结果
2026-05-11 22:01:06,705 [INFO] 成功读取 JSON 文件：e:\courseqa\data\history.json
2026-05-11 22:01:06,710 [INFO] 成功写入 JSON 文件：e:\courseqa\data\history.json
2026-05-11 22:01:06,712 [INFO] 历史记录已成功保存到 history.json
2026-05-11 22:27:34,746 [INFO] 开始加载 CourseQA 索引
2026-05-11 22:27:34,749 [INFO] 成功读取 Markdown 文档数量：4
2026-05-11 22:27:34,751 [INFO] 成功切分文本块数量：80
2026-05-11 22:27:34,759 [INFO] TF-IDF 索引构建完成
2026-05-11 22:27:34,759 [INFO] CourseQA 索引加载成功
2026-05-11 22:27:34,761 [INFO] CourseQA 服务启动成功
2026-05-11 22:28:16,337 [INFO] 收到用户查询：FastAPI
2026-05-11 22:28:16,369 [INFO] TF-IDF 查询完成，返回 6 条结果
2026-05-11 22:28:16,369 [INFO] 查询完成，返回 6 条结果
2026-05-11 22:28:16,369 [INFO] 成功读取 JSON 文件：e:\courseqa\data\history.json
2026-05-11 22:28:16,378 [INFO] 成功写入 JSON 文件：e:\courseqa\data\history.json
2026-05-11 22:28:16,378 [INFO] 历史记录已成功保存到 history.json
2026-05-11 22:28:36,990 [INFO] 收到用户查询：项目
2026-05-11 22:28:37,017 [INFO] TF-IDF 查询完成，返回 6 条结果
2026-05-11 22:28:37,017 [INFO] 查询完成，返回 6 条结果
2026-05-11 22:28:37,020 [INFO] 成功读取 JSON 文件：e:\courseqa\data\history.json
2026-05-11 22:28:37,026 [INFO] 成功写入 JSON 文件：e:\courseqa\data\history.json
2026-05-11 22:28:37,026 [INFO] 历史记录已成功保存到 history.json
2026-05-11 22:29:02,475 [INFO] 收到用户查询：CourseQA
2026-05-11 22:29:02,477 [INFO] TF-IDF 查询完成，返回 6 条结果
2026-05-11 22:29:02,480 [INFO] 查询完成，返回 6 条结果
2026-05-11 22:29:02,483 [INFO] 成功读取 JSON 文件：e:\courseqa\data\history.json
2026-05-11 22:29:02,488 [INFO] 成功写入 JSON 文件：e:\courseqa\data\history.json
2026-05-11 22:29:02,488 [INFO] 历史记录已成功保存到 history.json
2026-05-12 10:37:49,986 [INFO] 开始加载 CourseQA 索引
2026-05-12 10:37:49,987 [INFO] 成功读取 Markdown 文档数量：4
2026-05-12 10:37:49,988 [INFO] 成功切分文本块数量：80
2026-05-12 10:37:49,991 [INFO] TF-IDF 索引构建完成
2026-05-12 10:37:49,992 [INFO] CourseQA 索引加载成功
2026-05-12 10:37:49,992 [INFO] CourseQA 服务启动成功
2026-05-12 10:37:57,447 [INFO] 开始加载 CourseQA 索引
2026-05-12 10:37:57,448 [INFO] 成功读取 Markdown 文档数量：4
2026-05-12 10:37:57,448 [INFO] 成功切分文本块数量：80
2026-05-12 10:37:57,452 [INFO] TF-IDF 索引构建完成
2026-05-12 10:37:57,452 [INFO] CourseQA 索引加载成功
2026-05-12 10:37:57,453 [INFO] CourseQA 服务启动成功
2026-05-12 15:49:51,756 [INFO] 开始加载 CourseQA 索引
2026-05-12 15:49:51,757 [INFO] 成功读取 Markdown 文档数量：4
2026-05-12 15:49:51,759 [INFO] 成功切分文本块数量：80
2026-05-12 15:49:51,762 [INFO] TF-IDF 索引构建完成
2026-05-12 15:49:51,762 [INFO] CourseQA 索引加载成功
2026-05-12 15:49:51,762 [INFO] CourseQA 服务启动成功
2026-05-12 15:51:07,800 [INFO] 开始加载 CourseQA 索引
2026-05-12 15:51:07,801 [INFO] 成功读取 Markdown 文档数量：4
2026-05-12 15:51:07,802 [INFO] 成功切分文本块数量：80
2026-05-12 15:51:07,805 [INFO] TF-IDF 索引构建完成
2026-05-12 15:51:07,805 [INFO] CourseQA 索引加载成功
2026-05-12 15:51:07,805 [INFO] CourseQA 服务启动成功
2026-05-13 15:21:33,132 [INFO] 开始加载 CourseQA 索引
2026-05-13 15:21:33,140 [INFO] 成功读取 Markdown 文档数量：4
2026-05-13 15:21:33,142 [INFO] 成功切分文本块数量：80
2026-05-13 15:21:33,145 [INFO] TF-IDF 索引构建完成
2026-05-13 15:21:33,146 [INFO] CourseQA 索引加载成功
2026-05-13 15:21:33,146 [INFO] CourseQA 服务启动成功
2026-05-13 16:02:12,624 [INFO] 开始加载 CourseQA 索引
2026-05-13 16:02:12,625 [INFO] 成功读取 Markdown 文档数量：4
2026-05-13 16:02:12,625 [INFO] 成功切分文本块数量：80
2026-05-13 16:02:12,628 [INFO] TF-IDF 索引构建完成
2026-05-13 16:02:12,628 [INFO] CourseQA 索引加载成功
2026-05-13 16:02:12,628 [INFO] CourseQA 服务启动成功
2026-05-13 16:20:21,848 [INFO] 收到用户查询：Python是什么
2026-05-13 16:20:21,850 [INFO] TF-IDF 查询完成，返回 5 条结果
2026-05-13 16:20:21,851 [INFO] 查询完成，返回 5 条结果
2026-05-13 16:20:21,852 [INFO] 成功读取 JSON 文件：D:\桌面\courseqa\data\history.json
2026-05-13 16:20:21,855 [INFO] 成功写入 JSON 文件：D:\桌面\courseqa\data\history.json
2026-05-13 16:20:21,855 [INFO] 历史记录已成功保存到 history.json
2026-05-13 16:41:10,334 [INFO] 开始加载 CourseQA 索引
2026-05-13 16:41:10,335 [INFO] 成功读取 Markdown 文档数量：4
2026-05-13 16:41:10,335 [INFO] 成功切分文本块数量：80
2026-05-13 16:41:10,338 [INFO] TF-IDF 索引构建完成
2026-05-13 16:41:10,338 [INFO] CourseQA 索引加载成功
2026-05-13 16:41:10,338 [INFO] CourseQA 服务启动成功
2026-05-13 16:42:20,815 [INFO] 收到用户查询：Python 怎么循环
2026-05-13 16:42:20,816 [INFO] TF-IDF 查询完成，返回 5 条结果
2026-05-13 16:42:20,817 [INFO] 查询完成，返回 5 条结果
2026-05-13 16:42:20,818 [INFO] 成功读取 JSON 文件：D:\桌面\courseqa\data\history.json
2026-05-13 16:42:20,821 [INFO] 成功写入 JSON 文件：D:\桌面\courseqa\data\history.json
2026-05-13 16:42:20,822 [INFO] 历史记录已成功保存到 history.json
2026-05-13 16:42:33,746 [INFO] 收到用户查询：FastAPI 是什么
2026-05-13 16:42:33,750 [INFO] TF-IDF 查询完成，返回 5 条结果
2026-05-13 16:42:33,752 [INFO] 查询完成，返回 5 条结果
2026-05-13 16:42:33,753 [INFO] 成功读取 JSON 文件：D:\桌面\courseqa\data\history.json
2026-05-13 16:42:33,757 [INFO] 成功写入 JSON 文件：D:\桌面\courseqa\data\history.json
2026-05-13 16:42:33,758 [INFO] 历史记录已成功保存到 history.json
2026-05-13 16:42:45,844 [INFO] 收到用户查询：pandas 怎么用
2026-05-13 16:42:45,846 [INFO] TF-IDF 查询完成，返回 5 条结果
2026-05-13 16:42:45,847 [INFO] 查询完成，返回 5 条结果
2026-05-13 16:42:45,848 [INFO] 成功读取 JSON 文件：D:\桌面\courseqa\data\history.json
2026-05-13 16:42:45,851 [INFO] 成功写入 JSON 文件：D:\桌面\courseqa\data\history.json
2026-05-13 16:42:45,851 [INFO] 历史记录已成功保存到 history.json
2026-05-13 16:42:58,812 [INFO] 收到用户查询：如何读取 Excel
2026-05-13 16:42:58,814 [INFO] TF-IDF 查询完成，返回 5 条结果
2026-05-13 16:42:58,815 [INFO] 查询完成，返回 5 条结果
2026-05-13 16:42:58,816 [INFO] 成功读取 JSON 文件：D:\桌面\courseqa\data\history.json
2026-05-13 16:42:58,821 [INFO] 成功写入 JSON 文件：D:\桌面\courseqa\data\history.json
2026-05-13 16:42:58,822 [INFO] 历史记录已成功保存到 history.json
2026-05-13 16:43:28,003 [INFO] 收到用户查询：Python 函数怎么写
2026-05-13 16:43:28,005 [INFO] TF-IDF 查询完成，返回 5 条结果
2026-05-13 16:43:28,006 [INFO] 查询完成，返回 5 条结果
2026-05-13 16:43:28,007 [INFO] 成功读取 JSON 文件：D:\桌面\courseqa\data\history.json
2026-05-13 16:43:28,013 [INFO] 成功写入 JSON 文件：D:\桌面\courseqa\data\history.json
2026-05-13 16:43:28,013 [INFO] 历史记录已成功保存到 history.json
